  Source.cpp
D:\Программы\Трансляторы 4\translator.h(15,2): warning C4091: static : пропускается слева от "translator", когда ни одна переменная не объявлена
  Syntax_analyzer.cpp
D:\Программы\Трансляторы 4\Syntax_analyzer.cpp(112,12): warning C4018: <: несоответствие типов со знаком и без знака
D:\Программы\Трансляторы 4\Syntax_analyzer.cpp(165,20): warning C4018: <: несоответствие типов со знаком и без знака
D:\Программы\Трансляторы 4\Syntax_analyzer.cpp(281,39): warning C4018: <: несоответствие типов со знаком и без знака
D:\Программы\Трансляторы 4\Syntax_analyzer.cpp(311,31): warning C4018: <: несоответствие типов со знаком и без знака
D:\Программы\Трансляторы 4\Syntax_analyzer.cpp(351,20): warning C4018: <: несоответствие типов со знаком и без знака
D:\Программы\Трансляторы 4\Syntax_analyzer.cpp(437,20): warning C4018: <: несоответствие типов со знаком и без знака
D:\Программы\Трансляторы 4\Syntax_analyzer.cpp(518,20): warning C4018: <: несоответствие типов со знаком и без знака
D:\Программы\Трансляторы 4\Syntax_analyzer.cpp(520,21): warning C4018: <: несоответствие типов со знаком и без знака
D:\Программы\Трансляторы 4\Syntax_analyzer.cpp(524,34): warning C4018: >=: несоответствие типов со знаком и без знака
D:\Программы\Трансляторы 4\Syntax_analyzer.cpp(540,20): warning C4018: <: несоответствие типов со знаком и без знака
D:\Программы\Трансляторы 4\Syntax_analyzer.cpp(542,21): warning C4018: <: несоответствие типов со знаком и без знака
  tables.cpp
D:\Программы\Трансляторы 4\tables.cpp(17,20): warning C4018: <: несоответствие типов со знаком и без знака
D:\Программы\Трансляторы 4\tables.cpp(52,20): warning C4018: <: несоответствие типов со знаком и без знака
D:\Программы\Трансляторы 4\tables.cpp(78,20): warning C4018: <: несоответствие типов со знаком и без знака
D:\Программы\Трансляторы 4\tables.cpp(90,24): warning C4018: <: несоответствие типов со знаком и без знака
D:\Программы\Трансляторы 4\tables.cpp(90,56): warning C4018: <: несоответствие типов со знаком и без знака
D:\Программы\Трансляторы 4\tables.cpp(100,24): warning C4018: <: несоответствие типов со знаком и без знака
D:\Программы\Трансляторы 4\tables.cpp(100,56): warning C4018: <: несоответствие типов со знаком и без знака
D:\Программы\Трансляторы 4\tables.cpp(120,32): warning C4018: <: несоответствие типов со знаком и без знака
D:\Программы\Трансляторы 4\tables.cpp(120,86): warning C4018: <: несоответствие типов со знаком и без знака
D:\Программы\Трансляторы 4\tables.cpp(130,15): warning C4018: <: несоответствие типов со знаком и без знака
D:\Программы\Трансляторы 4\tables.cpp(130,48): warning C4018: <: несоответствие типов со знаком и без знака
D:\Программы\Трансляторы 4\tables.cpp(139,24): warning C4018: <: несоответствие типов со знаком и без знака
D:\Программы\Трансляторы 4\tables.cpp(139,56): warning C4018: <: несоответствие типов со знаком и без знака
D:\Программы\Трансляторы 4\tables.cpp(154,32): warning C4018: <: несоответствие типов со знаком и без знака
D:\Программы\Трансляторы 4\tables.cpp(154,86): warning C4018: <: несоответствие типов со знаком и без знака
D:\Программы\Трансляторы 4\tables.cpp(187,20): warning C4018: <: несоответствие типов со знаком и без знака
D:\Программы\Трансляторы 4\tables.cpp(189,21): warning C4018: <: несоответствие типов со знаком и без знака
D:\Программы\Трансляторы 4\tables.cpp(200,20): warning C4018: <: несоответствие типов со знаком и без знака
D:\Программы\Трансляторы 4\tables.cpp(202,21): warning C4018: <: несоответствие типов со знаком и без знака
D:\Программы\Трансляторы 4\tables.cpp(224,9): warning C4018: >=: несоответствие типов со знаком и без знака
  translator.cpp
D:\Программы\Трансляторы 4\translator.h(15,2): warning C4091: static : пропускается слева от "translator", когда ни одна переменная не объявлена
  Создание кода...
  Трансляторы 4.vcxproj -> D:\Программы\Трансляторы 4\Debug\Трансляторы 4.exe
